2022-05-27 17:45:33.638  INFO 29436 --- [restartedMain] com.example.geoapi.GeoApiApplication     : Starting GeoApiApplication using Java 17.0.3 on DESKTOP-RH954S5 with PID 29436 (C:\Users\RandomE\Desktop\EnigmaSOI\GeoAPI\GeoAPI\target\classes started by RandomE in C:\Users\RandomE\Desktop\EnigmaSOI\GeoAPI\GeoAPI)
2022-05-27 17:45:33.639  INFO 29436 --- [restartedMain] com.example.geoapi.GeoApiApplication     : No active profile set, falling back to 1 default profile: "default"
2022-05-27 17:45:33.667  INFO 29436 --- [restartedMain] .e.DevToolsPropertyDefaultsPostProcessor : Devtools property defaults active! Set 'spring.devtools.add-properties' to 'false' to disable
2022-05-27 17:45:33.667  INFO 29436 --- [restartedMain] .e.DevToolsPropertyDefaultsPostProcessor : For additional web related logging consider setting the 'logging.level.web' property to 'DEBUG'
2022-05-27 17:45:34.110  INFO 29436 --- [restartedMain] .s.d.r.c.RepositoryConfigurationDelegate : Multiple Spring Data modules found, entering strict repository configuration mode!
2022-05-27 17:45:34.110  INFO 29436 --- [restartedMain] .s.d.r.c.RepositoryConfigurationDelegate : Bootstrapping Spring Data JDBC repositories in DEFAULT mode.
2022-05-27 17:45:34.123  INFO 29436 --- [restartedMain] .RepositoryConfigurationExtensionSupport : Spring Data JDBC - Could not safely identify store assignment for repository candidate interface com.example.geoapi.repository.CoordinatesRepository. If you want this repository to be a JDBC repository, consider annotating your entities with one of these annotations: org.springframework.data.relational.core.mapping.Table.
2022-05-27 17:45:34.124  INFO 29436 --- [restartedMain] .s.d.r.c.RepositoryConfigurationDelegate : Finished Spring Data repository scanning in 11 ms. Found 0 JDBC repository interfaces.
2022-05-27 17:45:34.129  INFO 29436 --- [restartedMain] .s.d.r.c.RepositoryConfigurationDelegate : Multiple Spring Data modules found, entering strict repository configuration mode!
2022-05-27 17:45:34.129  INFO 29436 --- [restartedMain] .s.d.r.c.RepositoryConfigurationDelegate : Bootstrapping Spring Data JPA repositories in DEFAULT mode.
2022-05-27 17:45:34.144  INFO 29436 --- [restartedMain] .s.d.r.c.RepositoryConfigurationDelegate : Finished Spring Data repository scanning in 12 ms. Found 1 JPA repository interfaces.
2022-05-27 17:45:34.449  INFO 29436 --- [restartedMain] o.s.b.w.embedded.tomcat.TomcatWebServer  : Tomcat initialized with port(s): 8080 (http)
2022-05-27 17:45:34.454  INFO 29436 --- [restartedMain] o.apache.catalina.core.StandardService   : Starting service [Tomcat]
2022-05-27 17:45:34.454  INFO 29436 --- [restartedMain] org.apache.catalina.core.StandardEngine  : Starting Servlet engine: [Apache Tomcat/9.0.63]
2022-05-27 17:45:34.498  INFO 29436 --- [restartedMain] o.a.c.c.C.[Tomcat].[localhost].[/]       : Initializing Spring embedded WebApplicationContext
2022-05-27 17:45:34.498  INFO 29436 --- [restartedMain] w.s.c.ServletWebServerApplicationContext : Root WebApplicationContext: initialization completed in 829 ms
2022-05-27 17:45:34.586  INFO 29436 --- [restartedMain] o.hibernate.jpa.internal.util.LogHelper  : HHH000204: Processing PersistenceUnitInfo [name: default]
2022-05-27 17:45:34.607  INFO 29436 --- [restartedMain] org.hibernate.Version                    : HHH000412: Hibernate ORM core version 5.6.9.Final
2022-05-27 17:45:34.672  INFO 29436 --- [restartedMain] o.hibernate.annotations.common.Version   : HCANN000001: Hibernate Commons Annotations {5.1.2.Final}
2022-05-27 17:45:34.722  INFO 29436 --- [restartedMain] org.hibernate.dialect.Dialect            : HHH000400: Using dialect: org.hibernate.dialect.PostgreSQLDialect
2022-05-27 17:45:34.951  INFO 29436 --- [restartedMain] com.zaxxer.hikari.HikariDataSource       : HikariPool-1 - Starting...
2022-05-27 17:45:35.029  INFO 29436 --- [restartedMain] com.zaxxer.hikari.HikariDataSource       : HikariPool-1 - Start completed.
2022-05-27 17:45:35.052  INFO 29436 --- [restartedMain] o.h.e.t.j.p.i.JtaPlatformInitiator       : HHH000490: Using JtaPlatform implementation: [org.hibernate.engine.transaction.jta.platform.internal.NoJtaPlatform]
2022-05-27 17:45:35.056  INFO 29436 --- [restartedMain] j.LocalContainerEntityManagerFactoryBean : Initialized JPA EntityManagerFactory for persistence unit 'default'
2022-05-27 17:45:35.293  WARN 29436 --- [restartedMain] JpaBaseConfiguration$JpaWebConfiguration : spring.jpa.open-in-view is enabled by default. Therefore, database queries may be performed during view rendering. Explicitly configure spring.jpa.open-in-view to disable this warning
2022-05-27 17:45:35.393  INFO 29436 --- [restartedMain] o.s.b.d.a.OptionalLiveReloadServer       : LiveReload server is running on port 35729
2022-05-27 17:45:35.551  INFO 29436 --- [restartedMain] o.s.b.w.embedded.tomcat.TomcatWebServer  : Tomcat started on port(s): 8080 (http) with context path ''
2022-05-27 17:45:35.657  INFO 29436 --- [restartedMain] com.example.geoapi.GeoApiApplication     : Started GeoApiApplication in 2.227 seconds (JVM running for 2.618)
2022-05-27 17:45:39.677  INFO 29436 --- [http-nio-8080-exec-1] o.a.c.c.C.[Tomcat].[localhost].[/]       : Initializing Spring DispatcherServlet 'dispatcherServlet'
2022-05-27 17:45:39.677  INFO 29436 --- [http-nio-8080-exec-1] o.s.web.servlet.DispatcherServlet        : Initializing Servlet 'dispatcherServlet'
2022-05-27 17:45:39.678  INFO 29436 --- [http-nio-8080-exec-1] o.s.web.servlet.DispatcherServlet        : Completed initialization in 1 ms
2022-05-27 17:45:39.710  INFO 29436 --- [http-nio-8080-exec-1] c.e.geoapi.service.CoordinatesService    : Adding
2022-05-27 17:45:39.743  INFO 29436 --- [http-nio-8080-exec-1] c.e.geoapi.service.CoordinatesService    : Added device with id: 7715a417-f228-4786-91ee-0cd1052e4b4d
2022-05-27 17:46:03.915  INFO 29436 --- [SpringApplicationShutdownHook] j.LocalContainerEntityManagerFactoryBean : Closing JPA EntityManagerFactory for persistence unit 'default'
2022-05-27 17:46:03.917  INFO 29436 --- [SpringApplicationShutdownHook] com.zaxxer.hikari.HikariDataSource       : HikariPool-1 - Shutdown initiated...
2022-05-27 17:46:03.918  INFO 29436 --- [SpringApplicationShutdownHook] com.zaxxer.hikari.HikariDataSource       : HikariPool-1 - Shutdown completed.
2022-05-27 17:46:05.560  INFO 16008 --- [restartedMain] com.example.geoapi.GeoApiApplication     : Starting GeoApiApplication using Java 17.0.3 on DESKTOP-RH954S5 with PID 16008 (C:\Users\RandomE\Desktop\EnigmaSOI\GeoAPI\GeoAPI\target\classes started by RandomE in C:\Users\RandomE\Desktop\EnigmaSOI\GeoAPI\GeoAPI)
2022-05-27 17:46:05.560  INFO 16008 --- [restartedMain] com.example.geoapi.GeoApiApplication     : No active profile set, falling back to 1 default profile: "default"
2022-05-27 17:46:05.586  INFO 16008 --- [restartedMain] .e.DevToolsPropertyDefaultsPostProcessor : Devtools property defaults active! Set 'spring.devtools.add-properties' to 'false' to disable
2022-05-27 17:46:05.586  INFO 16008 --- [restartedMain] .e.DevToolsPropertyDefaultsPostProcessor : For additional web related logging consider setting the 'logging.level.web' property to 'DEBUG'
2022-05-27 17:46:06.025  INFO 16008 --- [restartedMain] .s.d.r.c.RepositoryConfigurationDelegate : Multiple Spring Data modules found, entering strict repository configuration mode!
2022-05-27 17:46:06.025  INFO 16008 --- [restartedMain] .s.d.r.c.RepositoryConfigurationDelegate : Bootstrapping Spring Data JDBC repositories in DEFAULT mode.
2022-05-27 17:46:06.038  INFO 16008 --- [restartedMain] .RepositoryConfigurationExtensionSupport : Spring Data JDBC - Could not safely identify store assignment for repository candidate interface com.example.geoapi.repository.CoordinatesRepository. If you want this repository to be a JDBC repository, consider annotating your entities with one of these annotations: org.springframework.data.relational.core.mapping.Table.
2022-05-27 17:46:06.039  INFO 16008 --- [restartedMain] .s.d.r.c.RepositoryConfigurationDelegate : Finished Spring Data repository scanning in 11 ms. Found 0 JDBC repository interfaces.
2022-05-27 17:46:06.043  INFO 16008 --- [restartedMain] .s.d.r.c.RepositoryConfigurationDelegate : Multiple Spring Data modules found, entering strict repository configuration mode!
2022-05-27 17:46:06.043  INFO 16008 --- [restartedMain] .s.d.r.c.RepositoryConfigurationDelegate : Bootstrapping Spring Data JPA repositories in DEFAULT mode.
2022-05-27 17:46:06.060  INFO 16008 --- [restartedMain] .s.d.r.c.RepositoryConfigurationDelegate : Finished Spring Data repository scanning in 14 ms. Found 1 JPA repository interfaces.
2022-05-27 17:46:06.362  INFO 16008 --- [restartedMain] o.s.b.w.embedded.tomcat.TomcatWebServer  : Tomcat initialized with port(s): 8080 (http)
2022-05-27 17:46:06.367  INFO 16008 --- [restartedMain] o.apache.catalina.core.StandardService   : Starting service [Tomcat]
2022-05-27 17:46:06.367  INFO 16008 --- [restartedMain] org.apache.catalina.core.StandardEngine  : Starting Servlet engine: [Apache Tomcat/9.0.63]
2022-05-27 17:46:06.414  INFO 16008 --- [restartedMain] o.a.c.c.C.[Tomcat].[localhost].[/]       : Initializing Spring embedded WebApplicationContext
2022-05-27 17:46:06.415  INFO 16008 --- [restartedMain] w.s.c.ServletWebServerApplicationContext : Root WebApplicationContext: initialization completed in 829 ms
2022-05-27 17:46:06.498  INFO 16008 --- [restartedMain] o.hibernate.jpa.internal.util.LogHelper  : HHH000204: Processing PersistenceUnitInfo [name: default]
2022-05-27 17:46:06.521  INFO 16008 --- [restartedMain] org.hibernate.Version                    : HHH000412: Hibernate ORM core version 5.6.9.Final
2022-05-27 17:46:06.587  INFO 16008 --- [restartedMain] o.hibernate.annotations.common.Version   : HCANN000001: Hibernate Commons Annotations {5.1.2.Final}
2022-05-27 17:46:06.637  INFO 16008 --- [restartedMain] org.hibernate.dialect.Dialect            : HHH000400: Using dialect: org.hibernate.dialect.PostgreSQLDialect
2022-05-27 17:46:06.874  INFO 16008 --- [restartedMain] com.zaxxer.hikari.HikariDataSource       : HikariPool-1 - Starting...
2022-05-27 17:46:06.953  INFO 16008 --- [restartedMain] com.zaxxer.hikari.HikariDataSource       : HikariPool-1 - Start completed.
2022-05-27 17:46:06.976  INFO 16008 --- [restartedMain] o.h.e.t.j.p.i.JtaPlatformInitiator       : HHH000490: Using JtaPlatform implementation: [org.hibernate.engine.transaction.jta.platform.internal.NoJtaPlatform]
2022-05-27 17:46:06.981  INFO 16008 --- [restartedMain] j.LocalContainerEntityManagerFactoryBean : Initialized JPA EntityManagerFactory for persistence unit 'default'
2022-05-27 17:46:07.240  WARN 16008 --- [restartedMain] JpaBaseConfiguration$JpaWebConfiguration : spring.jpa.open-in-view is enabled by default. Therefore, database queries may be performed during view rendering. Explicitly configure spring.jpa.open-in-view to disable this warning
2022-05-27 17:46:07.348  INFO 16008 --- [restartedMain] o.s.b.d.a.OptionalLiveReloadServer       : LiveReload server is running on port 35729
2022-05-27 17:46:07.501  INFO 16008 --- [restartedMain] o.s.b.w.embedded.tomcat.TomcatWebServer  : Tomcat started on port(s): 8080 (http) with context path ''
2022-05-27 17:46:07.610  INFO 16008 --- [restartedMain] com.example.geoapi.GeoApiApplication     : Started GeoApiApplication in 2.24 seconds (JVM running for 2.664)
2022-05-27 17:46:10.707  INFO 16008 --- [http-nio-8080-exec-1] o.a.c.c.C.[Tomcat].[localhost].[/]       : Initializing Spring DispatcherServlet 'dispatcherServlet'
2022-05-27 17:46:10.707  INFO 16008 --- [http-nio-8080-exec-1] o.s.web.servlet.DispatcherServlet        : Initializing Servlet 'dispatcherServlet'
2022-05-27 17:46:10.708  INFO 16008 --- [http-nio-8080-exec-1] o.s.web.servlet.DispatcherServlet        : Completed initialization in 1 ms
2022-05-27 17:46:10.740  INFO 16008 --- [http-nio-8080-exec-1] c.e.geoapi.service.CoordinatesService    : Adding
2022-05-27 17:46:10.785  INFO 16008 --- [http-nio-8080-exec-1] c.e.geoapi.service.CoordinatesService    : Added device with id: 31fa63b1-f173-4019-822b-33ae67676cc4
2022-05-27 17:47:47.709  INFO 16008 --- [SpringApplicationShutdownHook] j.LocalContainerEntityManagerFactoryBean : Closing JPA EntityManagerFactory for persistence unit 'default'
2022-05-27 17:47:47.711  INFO 16008 --- [SpringApplicationShutdownHook] com.zaxxer.hikari.HikariDataSource       : HikariPool-1 - Shutdown initiated...
2022-05-27 17:47:47.712  INFO 16008 --- [SpringApplicationShutdownHook] com.zaxxer.hikari.HikariDataSource       : HikariPool-1 - Shutdown completed.
2022-05-27 17:48:00.313  INFO 8252 --- [restartedMain] com.example.geoapi.GeoApiApplication     : Starting GeoApiApplication using Java 17.0.3 on DESKTOP-RH954S5 with PID 8252 (C:\Users\RandomE\Desktop\EnigmaSOI\GeoAPI\GeoAPI\target\classes started by RandomE in C:\Users\RandomE\Desktop\EnigmaSOI\GeoAPI\GeoAPI)
2022-05-27 17:48:00.314  INFO 8252 --- [restartedMain] com.example.geoapi.GeoApiApplication     : No active profile set, falling back to 1 default profile: "default"
2022-05-27 17:48:00.340  INFO 8252 --- [restartedMain] .e.DevToolsPropertyDefaultsPostProcessor : Devtools property defaults active! Set 'spring.devtools.add-properties' to 'false' to disable
2022-05-27 17:48:00.340  INFO 8252 --- [restartedMain] .e.DevToolsPropertyDefaultsPostProcessor : For additional web related logging consider setting the 'logging.level.web' property to 'DEBUG'
2022-05-27 17:48:00.792  INFO 8252 --- [restartedMain] .s.d.r.c.RepositoryConfigurationDelegate : Multiple Spring Data modules found, entering strict repository configuration mode!
2022-05-27 17:48:00.792  INFO 8252 --- [restartedMain] .s.d.r.c.RepositoryConfigurationDelegate : Bootstrapping Spring Data JDBC repositories in DEFAULT mode.
2022-05-27 17:48:00.805  INFO 8252 --- [restartedMain] .RepositoryConfigurationExtensionSupport : Spring Data JDBC - Could not safely identify store assignment for repository candidate interface com.example.geoapi.repository.CoordinatesRepository. If you want this repository to be a JDBC repository, consider annotating your entities with one of these annotations: org.springframework.data.relational.core.mapping.Table.
2022-05-27 17:48:00.806  INFO 8252 --- [restartedMain] .s.d.r.c.RepositoryConfigurationDelegate : Finished Spring Data repository scanning in 11 ms. Found 0 JDBC repository interfaces.
2022-05-27 17:48:00.810  INFO 8252 --- [restartedMain] .s.d.r.c.RepositoryConfigurationDelegate : Multiple Spring Data modules found, entering strict repository configuration mode!
2022-05-27 17:48:00.811  INFO 8252 --- [restartedMain] .s.d.r.c.RepositoryConfigurationDelegate : Bootstrapping Spring Data JPA repositories in DEFAULT mode.
2022-05-27 17:48:00.825  INFO 8252 --- [restartedMain] .s.d.r.c.RepositoryConfigurationDelegate : Finished Spring Data repository scanning in 12 ms. Found 1 JPA repository interfaces.
2022-05-27 17:48:01.127  INFO 8252 --- [restartedMain] o.s.b.w.embedded.tomcat.TomcatWebServer  : Tomcat initialized with port(s): 8080 (http)
2022-05-27 17:48:01.132  INFO 8252 --- [restartedMain] o.apache.catalina.core.StandardService   : Starting service [Tomcat]
2022-05-27 17:48:01.132  INFO 8252 --- [restartedMain] org.apache.catalina.core.StandardEngine  : Starting Servlet engine: [Apache Tomcat/9.0.63]
2022-05-27 17:48:01.175  INFO 8252 --- [restartedMain] o.a.c.c.C.[Tomcat].[localhost].[/]       : Initializing Spring embedded WebApplicationContext
2022-05-27 17:48:01.176  INFO 8252 --- [restartedMain] w.s.c.ServletWebServerApplicationContext : Root WebApplicationContext: initialization completed in 835 ms
2022-05-27 17:48:01.257  INFO 8252 --- [restartedMain] o.hibernate.jpa.internal.util.LogHelper  : HHH000204: Processing PersistenceUnitInfo [name: default]
2022-05-27 17:48:01.281  INFO 8252 --- [restartedMain] org.hibernate.Version                    : HHH000412: Hibernate ORM core version 5.6.9.Final
2022-05-27 17:48:01.348  INFO 8252 --- [restartedMain] o.hibernate.annotations.common.Version   : HCANN000001: Hibernate Commons Annotations {5.1.2.Final}
2022-05-27 17:48:01.395  INFO 8252 --- [restartedMain] org.hibernate.dialect.Dialect            : HHH000400: Using dialect: org.hibernate.dialect.PostgreSQLDialect
2022-05-27 17:48:01.618  INFO 8252 --- [restartedMain] com.zaxxer.hikari.HikariDataSource       : HikariPool-1 - Starting...
2022-05-27 17:48:01.696  INFO 8252 --- [restartedMain] com.zaxxer.hikari.HikariDataSource       : HikariPool-1 - Start completed.
2022-05-27 17:48:01.719  INFO 8252 --- [restartedMain] o.h.e.t.j.p.i.JtaPlatformInitiator       : HHH000490: Using JtaPlatform implementation: [org.hibernate.engine.transaction.jta.platform.internal.NoJtaPlatform]
2022-05-27 17:48:01.723  INFO 8252 --- [restartedMain] j.LocalContainerEntityManagerFactoryBean : Initialized JPA EntityManagerFactory for persistence unit 'default'
2022-05-27 17:48:01.963  WARN 8252 --- [restartedMain] JpaBaseConfiguration$JpaWebConfiguration : spring.jpa.open-in-view is enabled by default. Therefore, database queries may be performed during view rendering. Explicitly configure spring.jpa.open-in-view to disable this warning
2022-05-27 17:48:02.059  INFO 8252 --- [restartedMain] o.s.b.d.a.OptionalLiveReloadServer       : LiveReload server is running on port 35729
2022-05-27 17:48:02.209  INFO 8252 --- [restartedMain] o.s.b.w.embedded.tomcat.TomcatWebServer  : Tomcat started on port(s): 8080 (http) with context path ''
2022-05-27 17:48:02.310  INFO 8252 --- [restartedMain] com.example.geoapi.GeoApiApplication     : Started GeoApiApplication in 2.212 seconds (JVM running for 2.582)
2022-05-27 17:48:04.813  INFO 8252 --- [http-nio-8080-exec-1] o.a.c.c.C.[Tomcat].[localhost].[/]       : Initializing Spring DispatcherServlet 'dispatcherServlet'
2022-05-27 17:48:04.814  INFO 8252 --- [http-nio-8080-exec-1] o.s.web.servlet.DispatcherServlet        : Initializing Servlet 'dispatcherServlet'
2022-05-27 17:48:04.815  INFO 8252 --- [http-nio-8080-exec-1] o.s.web.servlet.DispatcherServlet        : Completed initialization in 0 ms
2022-05-27 17:48:04.851  INFO 8252 --- [http-nio-8080-exec-1] c.e.geoapi.service.CoordinatesService    : Adding coordinates: class CoordinatesCreate {
    latitude: 12311dasdasd12344
    longitude: 3211142fgsdgfsd1111
}
2022-05-27 17:48:04.892  INFO 8252 --- [http-nio-8080-exec-1] c.e.geoapi.service.CoordinatesService    : Added device with id: 1144d46f-ddf6-4a9b-bad6-4b9128500074
